<?xml version="1.0" encoding="UTF-8"?>
<!-- Generated by org.testng.reporters.JUnitXMLReporter -->
<testsuite ignored="0" hostname="MSI" failures="0" tests="3" name="Default test" time="11.477" errors="0" timestamp="2023-01-16T19:04:19 EST">
  <testcase classname="WebstaurantStoreTest" name="searchAndVerify" time="5.331"/>
  <testcase classname="WebstaurantStoreTest" name="addToCart" time="1.207"/>
  <testcase classname="WebstaurantStoreTest" name="emptyCart" time="2.679"/>
</testsuite> <!-- Default test -->
