<?xml version="1.0" encoding="UTF-8"?>
<!-- Generated by org.testng.reporters.JUnitXMLReporter -->
<testsuite ignored="0" hostname="MSI" failures="0" tests="3" name="Default test" time="10.484" errors="0" timestamp="2023-01-23T19:03:20 EST">
  <testcase classname="WebstaurantStoreTest" name="searchAndVerify" time="3.794"/>
  <testcase classname="WebstaurantStoreTest" name="addToCart" time="1.219"/>
  <testcase classname="WebstaurantStoreTest" name="emptyCart" time="2.906"/>
</testsuite> <!-- Default test -->
